<?xml version="1.0" encoding="UTF-8"?>
<!-- Generated by org.testng.reporters.JUnitReportReporter -->
<testsuite hostname="Varshitha" failures="0" tests="4" name="reqres.TcApiTesting" time="3.573" errors="0" timestamp="2022-10-21T11:06:47 IST" skipped="0">
  <testcase classname="reqres.TcApiTesting" name="getLIst" time="1.775"/>
  <system-out/>
  <testcase classname="reqres.TcApiTesting" name="getSingle" time="0.161"/>
  <system-out/>
  <testcase classname="reqres.TcApiTesting" name="post" time="0.942"/>
  <system-out/>
  <testcase classname="reqres.TcApiTesting" name="put" time="0.695"/>
  <system-out/>
</testsuite> <!-- reqres.TcApiTesting -->
