<?xml version="1.0" encoding="UTF-8"?>
<!-- Generated by org.testng.reporters.JUnitReportReporter -->
<testsuite hostname="Varshitha" failures="0" tests="4" name="com.demoapi.GetDemoAll" time="3.556" errors="0" timestamp="2022-10-25T12:03:48 IST" skipped="1">
  <testcase classname="com.demoapi.GetDemoAll" name="getAll" time="3.545"/>
  <system-out/>
  <testcase classname="com.demoapi.GetDemoAll" name="getSingle" time="0.008"/>
  <system-out/>
  <testcase classname="com.demoapi.GetDemoAll" name="getSingle2" time="0.003"/>
  <system-out/>
  <testcase classname="com.demoapi.GetDemoAll" name="getSingle1">
    <skipped/>
  </testcase> <!-- getSingle1 -->
  <system-out/>
</testsuite> <!-- com.demoapi.GetDemoAll -->
